<?xml version="1.0" encoding="UTF-8"?>
<coverage generated="1723047933306" clover="3.2.0">
  <project timestamp="1723047933306" name="All files">
    <metrics statements="9" coveredstatements="0" conditionals="1" coveredconditionals="0" methods="1" coveredmethods="0" elements="11" coveredelements="0" complexity="0" loc="9" ncloc="9" packages="1" files="1" classes="1"/>
    <file name="basic.js" path="/home/projects/vitest-dev-vitest-hx1hd6/src/basic.js">
      <metrics statements="9" coveredstatements="0" conditionals="1" coveredconditionals="0" methods="1" coveredmethods="0"/>
      <line num="1" count="0" type="cond" truecount="0" falsecount="1"/>
      <line num="2" count="0" type="stmt"/>
      <line num="3" count="0" type="stmt"/>
      <line num="4" count="0" type="stmt"/>
      <line num="5" count="0" type="stmt"/>
      <line num="6" count="0" type="stmt"/>
      <line num="7" count="0" type="stmt"/>
      <line num="8" count="0" type="stmt"/>
      <line num="9" count="0" type="stmt"/>
    </file>
  </project>
</coverage>
